  [1m[35m (7157.7ms)[0m  [1m[35mCREATE DATABASE "budget_app_development" ENCODING = 'unicode'[0m
  [1m[35m (909.4ms)[0m  [1m[35mCREATE DATABASE "budget_app_test" ENCODING = 'unicode'[0m
Started GET "/users/" for 127.0.0.1 at 2023-01-10 20:48:09 +0300
  [1m[35m (251.7ms)[0m  [1m[35mCREATE TABLE "schema_migrations" ("version" character varying NOT NULL PRIMARY KEY)[0m
  [1m[35m (112.5ms)[0m  [1m[35mCREATE TABLE "ar_internal_metadata" ("key" character varying NOT NULL PRIMARY KEY, "value" character varying, "created_at" timestamp(6) NOT NULL, "updated_at" timestamp(6) NOT NULL)[0m
  [1m[36mActiveRecord::SchemaMigration Pluck (0.7ms)[0m  [1m[34mSELECT "schema_migrations"."version" FROM "schema_migrations" ORDER BY "schema_migrations"."version" ASC[0m
  
ActiveRecord::PendingMigrationError (

Migrations are pending. To resolve this issue, run:

        bin/rails db:migrate RAILS_ENV=development

You have 10 pending migrations:

20220627184833_create_users.rb
20220627185211_add_devise_to_users.rb
20220627185525_create_groups.rb
20220627185601_create_entities.rb
20220627185716_add_user_ref_to_groups.rb
20220629162205_create_active_storage_tables.active_storage.rb
20220701103648_add_user_to_entities.rb
20220701145030_create_transactions.rb
20220701145253_add_group_ref_to_transactions.rb
20220701145324_add_entity_ref_to_transactions.rb


):
  
activerecord (7.0.3) lib/active_record/migration.rb:627:in `check_pending!'
activerecord (7.0.3) lib/active_record/migration.rb:592:in `block (2 levels) in call'
activesupport (7.0.3) lib/active_support/file_update_checker.rb:83:in `execute'
activerecord (7.0.3) lib/active_record/migration.rb:597:in `block in call'
activerecord (7.0.3) lib/active_record/migration.rb:589:in `synchronize'
activerecord (7.0.3) lib/active_record/migration.rb:589:in `call'
actionpack (7.0.3) lib/action_dispatch/middleware/callbacks.rb:27:in `block in call'
activesupport (7.0.3) lib/active_support/callbacks.rb:99:in `run_callbacks'
actionpack (7.0.3) lib/action_dispatch/middleware/callbacks.rb:26:in `call'
actionpack (7.0.3) lib/action_dispatch/middleware/executor.rb:14:in `call'
actionpack (7.0.3) lib/action_dispatch/middleware/actionable_exceptions.rb:17:in `call'
actionpack (7.0.3) lib/action_dispatch/middleware/debug_exceptions.rb:28:in `call'
web-console (4.2.0) lib/web_console/middleware.rb:132:in `call_app'
web-console (4.2.0) lib/web_console/middleware.rb:28:in `block in call'
web-console (4.2.0) lib/web_console/middleware.rb:17:in `catch'
web-console (4.2.0) lib/web_console/middleware.rb:17:in `call'
actionpack (7.0.3) lib/action_dispatch/middleware/show_exceptions.rb:26:in `call'
railties (7.0.3) lib/rails/rack/logger.rb:40:in `call_app'
railties (7.0.3) lib/rails/rack/logger.rb:25:in `block in call'
activesupport (7.0.3) lib/active_support/tagged_logging.rb:114:in `block in tagged'
activesupport (7.0.3) lib/active_support/tagged_logging.rb:38:in `tagged'
activesupport (7.0.3) lib/active_support/tagged_logging.rb:114:in `tagged'
railties (7.0.3) lib/rails/rack/logger.rb:25:in `call'
sprockets-rails (3.4.2) lib/sprockets/rails/quiet_assets.rb:13:in `call'
actionpack (7.0.3) lib/action_dispatch/middleware/remote_ip.rb:93:in `call'
actionpack (7.0.3) lib/action_dispatch/middleware/request_id.rb:26:in `call'
rack (2.2.3.1) lib/rack/method_override.rb:24:in `call'
rack (2.2.3.1) lib/rack/runtime.rb:22:in `call'
activesupport (7.0.3) lib/active_support/cache/strategy/local_cache_middleware.rb:29:in `call'
actionpack (7.0.3) lib/action_dispatch/middleware/server_timing.rb:20:in `call'
actionpack (7.0.3) lib/action_dispatch/middleware/executor.rb:14:in `call'
actionpack (7.0.3) lib/action_dispatch/middleware/static.rb:23:in `call'
rack (2.2.3.1) lib/rack/sendfile.rb:110:in `call'
actionpack (7.0.3) lib/action_dispatch/middleware/host_authorization.rb:137:in `call'
railties (7.0.3) lib/rails/engine.rb:530:in `call'
puma (5.6.4) lib/puma/configuration.rb:252:in `call'
puma (5.6.4) lib/puma/request.rb:77:in `block in handle_request'
puma (5.6.4) lib/puma/thread_pool.rb:340:in `with_force_shutdown'
puma (5.6.4) lib/puma/request.rb:76:in `handle_request'
puma (5.6.4) lib/puma/server.rb:441:in `process_client'
puma (5.6.4) lib/puma/thread_pool.rb:147:in `block in spawn_thread'
Started GET "/" for 127.0.0.1 at 2023-01-10 20:48:15 +0300
  [1m[36mActiveRecord::SchemaMigration Pluck (0.8ms)[0m  [1m[34mSELECT "schema_migrations"."version" FROM "schema_migrations" ORDER BY "schema_migrations"."version" ASC[0m
  [1m[36mCACHE ActiveRecord::SchemaMigration Pluck (0.0ms)[0m  [1m[34mSELECT "schema_migrations"."version" FROM "schema_migrations" ORDER BY "schema_migrations"."version" ASC[0m
  
ActiveRecord::PendingMigrationError (

Migrations are pending. To resolve this issue, run:

        bin/rails db:migrate RAILS_ENV=development

You have 10 pending migrations:

20220627184833_create_users.rb
20220627185211_add_devise_to_users.rb
20220627185525_create_groups.rb
20220627185601_create_entities.rb
20220627185716_add_user_ref_to_groups.rb
20220629162205_create_active_storage_tables.active_storage.rb
20220701103648_add_user_to_entities.rb
20220701145030_create_transactions.rb
20220701145253_add_group_ref_to_transactions.rb
20220701145324_add_entity_ref_to_transactions.rb


):
  
activerecord (7.0.3) lib/active_record/migration.rb:627:in `check_pending!'
activerecord (7.0.3) lib/active_record/migration.rb:592:in `block (2 levels) in call'
activesupport (7.0.3) lib/active_support/file_update_checker.rb:83:in `execute'
activerecord (7.0.3) lib/active_record/migration.rb:597:in `block in call'
activerecord (7.0.3) lib/active_record/migration.rb:589:in `synchronize'
activerecord (7.0.3) lib/active_record/migration.rb:589:in `call'
actionpack (7.0.3) lib/action_dispatch/middleware/callbacks.rb:27:in `block in call'
activesupport (7.0.3) lib/active_support/callbacks.rb:99:in `run_callbacks'
actionpack (7.0.3) lib/action_dispatch/middleware/callbacks.rb:26:in `call'
actionpack (7.0.3) lib/action_dispatch/middleware/executor.rb:14:in `call'
actionpack (7.0.3) lib/action_dispatch/middleware/actionable_exceptions.rb:17:in `call'
actionpack (7.0.3) lib/action_dispatch/middleware/debug_exceptions.rb:28:in `call'
web-console (4.2.0) lib/web_console/middleware.rb:132:in `call_app'
web-console (4.2.0) lib/web_console/middleware.rb:28:in `block in call'
web-console (4.2.0) lib/web_console/middleware.rb:17:in `catch'
web-console (4.2.0) lib/web_console/middleware.rb:17:in `call'
actionpack (7.0.3) lib/action_dispatch/middleware/show_exceptions.rb:26:in `call'
railties (7.0.3) lib/rails/rack/logger.rb:40:in `call_app'
railties (7.0.3) lib/rails/rack/logger.rb:25:in `block in call'
activesupport (7.0.3) lib/active_support/tagged_logging.rb:114:in `block in tagged'
activesupport (7.0.3) lib/active_support/tagged_logging.rb:38:in `tagged'
activesupport (7.0.3) lib/active_support/tagged_logging.rb:114:in `tagged'
railties (7.0.3) lib/rails/rack/logger.rb:25:in `call'
sprockets-rails (3.4.2) lib/sprockets/rails/quiet_assets.rb:13:in `call'
actionpack (7.0.3) lib/action_dispatch/middleware/remote_ip.rb:93:in `call'
actionpack (7.0.3) lib/action_dispatch/middleware/request_id.rb:26:in `call'
rack (2.2.3.1) lib/rack/method_override.rb:24:in `call'
rack (2.2.3.1) lib/rack/runtime.rb:22:in `call'
activesupport (7.0.3) lib/active_support/cache/strategy/local_cache_middleware.rb:29:in `call'
actionpack (7.0.3) lib/action_dispatch/middleware/server_timing.rb:20:in `call'
actionpack (7.0.3) lib/action_dispatch/middleware/executor.rb:14:in `call'
actionpack (7.0.3) lib/action_dispatch/middleware/static.rb:23:in `call'
rack (2.2.3.1) lib/rack/sendfile.rb:110:in `call'
actionpack (7.0.3) lib/action_dispatch/middleware/host_authorization.rb:137:in `call'
railties (7.0.3) lib/rails/engine.rb:530:in `call'
puma (5.6.4) lib/puma/configuration.rb:252:in `call'
puma (5.6.4) lib/puma/request.rb:77:in `block in handle_request'
puma (5.6.4) lib/puma/thread_pool.rb:340:in `with_force_shutdown'
puma (5.6.4) lib/puma/request.rb:76:in `handle_request'
puma (5.6.4) lib/puma/server.rb:441:in `process_client'
puma (5.6.4) lib/puma/thread_pool.rb:147:in `block in spawn_thread'
  [1m[35m (0.1ms)[0m  [1m[34mSELECT pg_try_advisory_lock(2127889314188895495)[0m
  [1m[36mActiveRecord::SchemaMigration Pluck (0.5ms)[0m  [1m[34mSELECT "schema_migrations"."version" FROM "schema_migrations" ORDER BY "schema_migrations"."version" ASC[0m
Migrating to CreateUsers (20220627184833)
  [1m[36mTRANSACTION (0.2ms)[0m  [1m[35mBEGIN[0m
  [1m[35m (93.8ms)[0m  [1m[35mCREATE TABLE "users" ("id" bigserial primary key, "name" character varying, "created_at" timestamp(6) NOT NULL, "updated_at" timestamp(6) NOT NULL)[0m
  [1m[36mActiveRecord::SchemaMigration Create (1.3ms)[0m  [1m[32mINSERT INTO "schema_migrations" ("version") VALUES ($1) RETURNING "version"[0m  [["version", "20220627184833"]]
  [1m[36mTRANSACTION (19.7ms)[0m  [1m[35mCOMMIT[0m
Migrating to AddDeviseToUsers (20220627185211)
  [1m[36mTRANSACTION (0.2ms)[0m  [1m[35mBEGIN[0m
  [1m[35m (0.5ms)[0m  [1m[35mALTER TABLE "users" ADD "email" character varying DEFAULT '' NOT NULL[0m
  [1m[35m (0.5ms)[0m  [1m[35mALTER TABLE "users" ADD "encrypted_password" character varying DEFAULT '' NOT NULL[0m
  [1m[35m (0.3ms)[0m  [1m[35mALTER TABLE "users" ADD "reset_password_token" character varying[0m
  [1m[35m (0.3ms)[0m  [1m[35mALTER TABLE "users" ADD "reset_password_sent_at" timestamp(6)[0m
  [1m[35m (0.4ms)[0m  [1m[35mALTER TABLE "users" ADD "remember_created_at" timestamp(6)[0m
  [1m[35m (47.5ms)[0m  [1m[35mCREATE UNIQUE INDEX "index_users_on_email" ON "users" ("email")[0m
  [1m[35m (32.0ms)[0m  [1m[35mCREATE UNIQUE INDEX "index_users_on_reset_password_token" ON "users" ("reset_password_token")[0m
  [1m[36mActiveRecord::SchemaMigration Create (0.3ms)[0m  [1m[32mINSERT INTO "schema_migrations" ("version") VALUES ($1) RETURNING "version"[0m  [["version", "20220627185211"]]
  [1m[36mTRANSACTION (20.8ms)[0m  [1m[35mCOMMIT[0m
Migrating to CreateGroups (20220627185525)
  [1m[36mTRANSACTION (0.2ms)[0m  [1m[35mBEGIN[0m
  [1m[35m (93.8ms)[0m  [1m[35mCREATE TABLE "groups" ("id" bigserial primary key, "name" character varying, "icon" character varying, "created_at" timestamp(6) NOT NULL, "updated_at" timestamp(6) NOT NULL)[0m
  [1m[36mActiveRecord::SchemaMigration Create (0.4ms)[0m  [1m[32mINSERT INTO "schema_migrations" ("version") VALUES ($1) RETURNING "version"[0m  [["version", "20220627185525"]]
  [1m[36mTRANSACTION (20.8ms)[0m  [1m[35mCOMMIT[0m
Migrating to CreateEntities (20220627185601)
  [1m[36mTRANSACTION (0.3ms)[0m  [1m[35mBEGIN[0m
  [1m[35m (117.5ms)[0m  [1m[35mCREATE TABLE "entities" ("id" bigserial primary key, "name" character varying, "amount" character varying, "created_at" timestamp(6) NOT NULL, "updated_at" timestamp(6) NOT NULL)[0m
  [1m[36mActiveRecord::SchemaMigration Create (0.4ms)[0m  [1m[32mINSERT INTO "schema_migrations" ("version") VALUES ($1) RETURNING "version"[0m  [["version", "20220627185601"]]
  [1m[36mTRANSACTION (19.6ms)[0m  [1m[35mCOMMIT[0m
Migrating to AddUserRefToGroups (20220627185716)
  [1m[36mTRANSACTION (0.2ms)[0m  [1m[35mBEGIN[0m
  [1m[35m (0.6ms)[0m  [1m[35mALTER TABLE "groups" ADD "user_id" bigint NOT NULL[0m
  [1m[35m (48.6ms)[0m  [1m[35mCREATE INDEX "index_groups_on_user_id" ON "groups" ("user_id")[0m
  [1m[35m (1.8ms)[0m  [1m[35mALTER TABLE "groups" ADD CONSTRAINT "fk_rails_5e78cd340a"
FOREIGN KEY ("user_id")
  REFERENCES "users" ("id")
[0m
  [1m[36mActiveRecord::SchemaMigration Create (0.4ms)[0m  [1m[32mINSERT INTO "schema_migrations" ("version") VALUES ($1) RETURNING "version"[0m  [["version", "20220627185716"]]
  [1m[36mTRANSACTION (15.0ms)[0m  [1m[35mCOMMIT[0m
Migrating to CreateActiveStorageTables (20220629162205)
  [1m[36mTRANSACTION (0.5ms)[0m  [1m[35mBEGIN[0m
  [1m[35m (197.1ms)[0m  [1m[35mCREATE TABLE "active_storage_blobs" ("id" bigserial primary key, "key" character varying NOT NULL, "filename" character varying NOT NULL, "content_type" character varying, "metadata" text, "service_name" character varying NOT NULL, "byte_size" bigint NOT NULL, "checksum" character varying, "created_at" timestamp(6) NOT NULL)[0m
  [1m[35m (43.5ms)[0m  [1m[35mCREATE UNIQUE INDEX "index_active_storage_blobs_on_key" ON "active_storage_blobs" ("key")[0m
  [1m[35m (99.6ms)[0m  [1m[35mCREATE TABLE "active_storage_attachments" ("id" bigserial primary key, "name" character varying NOT NULL, "record_type" character varying NOT NULL, "record_id" bigint NOT NULL, "blob_id" bigint NOT NULL, "created_at" timestamp(6) NOT NULL, CONSTRAINT "fk_rails_c3b3935057"
FOREIGN KEY ("blob_id")
  REFERENCES "active_storage_blobs" ("id")
)[0m
  [1m[35m (43.2ms)[0m  [1m[35mCREATE INDEX "index_active_storage_attachments_on_blob_id" ON "active_storage_attachments" ("blob_id")[0m
  [1m[35m (43.6ms)[0m  [1m[35mCREATE UNIQUE INDEX "index_active_storage_attachments_uniqueness" ON "active_storage_attachments" ("record_type", "record_id", "name", "blob_id")[0m
  [1m[35m (116.0ms)[0m  [1m[35mCREATE TABLE "active_storage_variant_records" ("id" bigserial primary key, "blob_id" bigint NOT NULL, "variation_digest" character varying NOT NULL, CONSTRAINT "fk_rails_993965df05"
FOREIGN KEY ("blob_id")
  REFERENCES "active_storage_blobs" ("id")
)[0m
  [1m[35m (59.1ms)[0m  [1m[35mCREATE UNIQUE INDEX "index_active_storage_variant_records_uniqueness" ON "active_storage_variant_records" ("blob_id", "variation_digest")[0m
  [1m[36mActiveRecord::SchemaMigration Create (0.4ms)[0m  [1m[32mINSERT INTO "schema_migrations" ("version") VALUES ($1) RETURNING "version"[0m  [["version", "20220629162205"]]
  [1m[36mTRANSACTION (13.7ms)[0m  [1m[35mCOMMIT[0m
Migrating to AddUserToEntities (20220701103648)
  [1m[36mTRANSACTION (0.3ms)[0m  [1m[35mBEGIN[0m
  [1m[35m (0.5ms)[0m  [1m[35mALTER TABLE "entities" ADD "user_id" bigint NOT NULL[0m
  [1m[35m (68.4ms)[0m  [1m[35mCREATE INDEX "index_entities_on_user_id" ON "entities" ("user_id")[0m
  [1m[35m (1.5ms)[0m  [1m[35mALTER TABLE "entities" ADD CONSTRAINT "fk_rails_71e168c975"
FOREIGN KEY ("user_id")
  REFERENCES "users" ("id")
[0m
  [1m[36mActiveRecord::SchemaMigration Create (0.4ms)[0m  [1m[32mINSERT INTO "schema_migrations" ("version") VALUES ($1) RETURNING "version"[0m  [["version", "20220701103648"]]
  [1m[36mTRANSACTION (20.4ms)[0m  [1m[35mCOMMIT[0m
Migrating to CreateTransactions (20220701145030)
  [1m[36mTRANSACTION (0.2ms)[0m  [1m[35mBEGIN[0m
  [1m[35m (46.4ms)[0m  [1m[35mCREATE TABLE "transactions" ("id" bigserial primary key, "created_at" timestamp(6) NOT NULL, "updated_at" timestamp(6) NOT NULL)[0m
  [1m[36mActiveRecord::SchemaMigration Create (0.4ms)[0m  [1m[32mINSERT INTO "schema_migrations" ("version") VALUES ($1) RETURNING "version"[0m  [["version", "20220701145030"]]
  [1m[36mTRANSACTION (22.2ms)[0m  [1m[35mCOMMIT[0m
Migrating to AddGroupRefToTransactions (20220701145253)
  [1m[36mTRANSACTION (0.2ms)[0m  [1m[35mBEGIN[0m
  [1m[35m (0.5ms)[0m  [1m[35mALTER TABLE "transactions" ADD "group_id" bigint NOT NULL[0m
  [1m[35m (44.7ms)[0m  [1m[35mCREATE INDEX "index_transactions_on_group_id" ON "transactions" ("group_id")[0m
  [1m[35m (1.6ms)[0m  [1m[35mALTER TABLE "transactions" ADD CONSTRAINT "fk_rails_3a0679aaf6"
FOREIGN KEY ("group_id")
  REFERENCES "groups" ("id")
[0m
  [1m[36mActiveRecord::SchemaMigration Create (0.4ms)[0m  [1m[32mINSERT INTO "schema_migrations" ("version") VALUES ($1) RETURNING "version"[0m  [["version", "20220701145253"]]
  [1m[36mTRANSACTION (18.2ms)[0m  [1m[35mCOMMIT[0m
Migrating to AddEntityRefToTransactions (20220701145324)
  [1m[36mTRANSACTION (0.2ms)[0m  [1m[35mBEGIN[0m
  [1m[35m (0.5ms)[0m  [1m[35mALTER TABLE "transactions" ADD "entity_id" bigint NOT NULL[0m
  [1m[35m (46.1ms)[0m  [1m[35mCREATE INDEX "index_transactions_on_entity_id" ON "transactions" ("entity_id")[0m
  [1m[35m (1.6ms)[0m  [1m[35mALTER TABLE "transactions" ADD CONSTRAINT "fk_rails_8213f84883"
FOREIGN KEY ("entity_id")
  REFERENCES "entities" ("id")
[0m
  [1m[36mActiveRecord::SchemaMigration Create (0.4ms)[0m  [1m[32mINSERT INTO "schema_migrations" ("version") VALUES ($1) RETURNING "version"[0m  [["version", "20220701145324"]]
  [1m[36mTRANSACTION (18.3ms)[0m  [1m[35mCOMMIT[0m
  [1m[36mActiveRecord::InternalMetadata Load (0.6ms)[0m  [1m[34mSELECT "ar_internal_metadata".* FROM "ar_internal_metadata" WHERE "ar_internal_metadata"."key" = $1 LIMIT $2[0m  [["key", "environment"], ["LIMIT", 1]]
  [1m[36mTRANSACTION (0.1ms)[0m  [1m[35mBEGIN[0m
  [1m[36mActiveRecord::InternalMetadata Create (0.6ms)[0m  [1m[32mINSERT INTO "ar_internal_metadata" ("key", "value", "created_at", "updated_at") VALUES ($1, $2, $3, $4) RETURNING "key"[0m  [["key", "environment"], ["value", "development"], ["created_at", "2023-01-10 17:48:38.166620"], ["updated_at", "2023-01-10 17:48:38.166620"]]
  [1m[36mTRANSACTION (35.9ms)[0m  [1m[35mCOMMIT[0m
  [1m[35m (0.5ms)[0m  [1m[34mSELECT pg_advisory_unlock(2127889314188895495)[0m
  [1m[36mActiveRecord::SchemaMigration Pluck (1.1ms)[0m  [1m[34mSELECT "schema_migrations"."version" FROM "schema_migrations" ORDER BY "schema_migrations"."version" ASC[0m
Started GET "/" for 127.0.0.1 at 2023-01-10 20:48:47 +0300
  [1m[36mActiveRecord::SchemaMigration Pluck (1.1ms)[0m  [1m[34mSELECT "schema_migrations"."version" FROM "schema_migrations" ORDER BY "schema_migrations"."version" ASC[0m
Processing by UsersController#index as HTML
  Rendering layout layouts/application.html.erb
  Rendering users/index.html.erb within layouts/application
  Rendered users/index.html.erb within layouts/application (Duration: 2.8ms | Allocations: 862)
  Rendered layout layouts/application.html.erb (Duration: 779.6ms | Allocations: 105244)
Completed 200 OK in 824ms (Views: 785.5ms | ActiveRecord: 0.0ms | Allocations: 115191)


Started GET "/users/sign_in" for 127.0.0.1 at 2023-01-10 20:48:54 +0300
Processing by Devise::SessionsController#new as HTML
  Rendering layout layouts/application.html.erb
  Rendering devise/sessions/new.html.erb within layouts/application
  Rendered devise/shared/_links.html.erb (Duration: 2.1ms | Allocations: 950)
  Rendered devise/sessions/new.html.erb within layouts/application (Duration: 116.7ms | Allocations: 3900)
  Rendered layout layouts/application.html.erb (Duration: 121.8ms | Allocations: 6249)
Completed 200 OK in 170ms (Views: 124.6ms | ActiveRecord: 7.7ms | Allocations: 14893)


Started GET "/users/sign_up" for 127.0.0.1 at 2023-01-10 20:48:59 +0300
Processing by Devise::RegistrationsController#new as HTML
  Rendering layout layouts/application.html.erb
  Rendering devise/registrations/new.html.erb within layouts/application
  Rendered devise/shared/_error_messages.html.erb (Duration: 1.0ms | Allocations: 241)
  Rendered devise/shared/_links.html.erb (Duration: 3.0ms | Allocations: 238)
  Rendered devise/registrations/new.html.erb within layouts/application (Duration: 14.5ms | Allocations: 2216)
  Rendered layout layouts/application.html.erb (Duration: 22.2ms | Allocations: 4566)
Completed 200 OK in 31ms (Views: 28.2ms | ActiveRecord: 0.0ms | Allocations: 6131)


Started GET "/users/sign_in" for 127.0.0.1 at 2023-01-10 20:49:13 +0300
Processing by Devise::SessionsController#new as HTML
  Rendering layout layouts/application.html.erb
  Rendering devise/sessions/new.html.erb within layouts/application
  Rendered devise/shared/_links.html.erb (Duration: 0.8ms | Allocations: 164)
  Rendered devise/sessions/new.html.erb within layouts/application (Duration: 3.9ms | Allocations: 803)
  Rendered layout layouts/application.html.erb (Duration: 16.5ms | Allocations: 2971)
Completed 200 OK in 23ms (Views: 19.2ms | ActiveRecord: 0.0ms | Allocations: 3767)


Started GET "/users/sign_up" for 127.0.0.1 at 2023-01-10 20:49:19 +0300
Processing by Devise::RegistrationsController#new as HTML
  Rendering layout layouts/application.html.erb
  Rendering devise/registrations/new.html.erb within layouts/application
  Rendered devise/shared/_error_messages.html.erb (Duration: 0.1ms | Allocations: 18)
  Rendered devise/shared/_links.html.erb (Duration: 0.4ms | Allocations: 97)
  Rendered devise/registrations/new.html.erb within layouts/application (Duration: 3.8ms | Allocations: 1012)
  Rendered layout layouts/application.html.erb (Duration: 8.6ms | Allocations: 3180)
Completed 200 OK in 13ms (Views: 10.9ms | ActiveRecord: 0.0ms | Allocations: 3831)


Started GET "/users/sign_in" for 127.0.0.1 at 2023-01-10 20:49:24 +0300
Processing by Devise::SessionsController#new as HTML
  Rendering layout layouts/application.html.erb
  Rendering devise/sessions/new.html.erb within layouts/application
  Rendered devise/shared/_links.html.erb (Duration: 0.6ms | Allocations: 164)
  Rendered devise/sessions/new.html.erb within layouts/application (Duration: 2.8ms | Allocations: 803)
  Rendered layout layouts/application.html.erb (Duration: 9.1ms | Allocations: 2971)
Completed 200 OK in 14ms (Views: 11.3ms | ActiveRecord: 0.0ms | Allocations: 3671)


Started GET "/users/sign_up" for 127.0.0.1 at 2023-01-10 20:49:38 +0300
Processing by Devise::RegistrationsController#new as HTML
  Rendering layout layouts/application.html.erb
  Rendering devise/registrations/new.html.erb within layouts/application
  Rendered devise/shared/_error_messages.html.erb (Duration: 0.1ms | Allocations: 18)
  Rendered devise/shared/_links.html.erb (Duration: 0.4ms | Allocations: 97)
  Rendered devise/registrations/new.html.erb within layouts/application (Duration: 5.0ms | Allocations: 1012)
  Rendered layout layouts/application.html.erb (Duration: 10.2ms | Allocations: 3179)
Completed 200 OK in 13ms (Views: 11.5ms | ActiveRecord: 0.0ms | Allocations: 3814)


Started POST "/users" for 127.0.0.1 at 2023-01-10 20:49:51 +0300
Processing by Devise::RegistrationsController#create as TURBO_STREAM
  Parameters: {"authenticity_token"=>"[FILTERED]", "user"=>{"name"=>"edith", "email"=>"nnn@gmail.com", "password"=>"[FILTERED]", "password_confirmation"=>"[FILTERED]"}, "commit"=>"Sign up"}
[31mUnpermitted parameter: :password_confirmation. Context: { controller: Devise::RegistrationsController, action: create, request: #<ActionDispatch::Request:0x00007f7a841a07b0>, params: {"authenticity_token"=>"[FILTERED]", "user"=>{"name"=>"edith", "email"=>"nnn@gmail.com", "password"=>"[FILTERED]", "password_confirmation"=>"[FILTERED]"}, "commit"=>"Sign up", "controller"=>"devise/registrations", "action"=>"create"} }[0m
  [1m[36mTRANSACTION (0.2ms)[0m  [1m[35mBEGIN[0m
  [1m[36mUser Exists? (0.7ms)[0m  [1m[34mSELECT 1 AS one FROM "users" WHERE "users"."email" = $1 LIMIT $2[0m  [["email", "nnn@gmail.com"], ["LIMIT", 1]]
  [1m[36mUser Create (0.8ms)[0m  [1m[32mINSERT INTO "users" ("name", "created_at", "updated_at", "email", "encrypted_password", "reset_password_token", "reset_password_sent_at", "remember_created_at") VALUES ($1, $2, $3, $4, $5, $6, $7, $8) RETURNING "id"[0m  [["name", "edith"], ["created_at", "2023-01-10 17:49:51.668623"], ["updated_at", "2023-01-10 17:49:51.668623"], ["email", "nnn@gmail.com"], ["encrypted_password", "[FILTERED]"], ["reset_password_token", "[FILTERED]"], ["reset_password_sent_at", "[FILTERED]"], ["remember_created_at", nil]]
  [1m[36mTRANSACTION (21.8ms)[0m  [1m[35mCOMMIT[0m
Redirected to http://localhost:3000/users/1
Completed 302 Found in 503ms (ActiveRecord: 23.5ms | Allocations: 11965)


Started GET "/users/1" for 127.0.0.1 at 2023-01-10 20:49:51 +0300
Processing by UsersController#show as TURBO_STREAM
  Parameters: {"id"=>"1"}
  [1m[36mUser Load (0.3ms)[0m  [1m[34mSELECT "users".* FROM "users" WHERE "users"."id" = $1 LIMIT $2[0m  [["id", 1], ["LIMIT", 1]]
  ↳ app/controllers/users_controller.rb:62:in `set_user'
  Rendering layout layouts/application.html.erb
  Rendering users/show.html.erb within layouts/application
  Rendered users/_user.html.erb (Duration: 0.9ms | Allocations: 196)
  Rendered users/show.html.erb within layouts/application (Duration: 22.3ms | Allocations: 1304)
  Rendered layout layouts/application.html.erb (Duration: 27.0ms | Allocations: 3600)
Completed 200 OK in 34ms (Views: 28.0ms | ActiveRecord: 0.6ms | Allocations: 5536)


Started GET "/groups" for 127.0.0.1 at 2023-01-10 20:49:54 +0300
Processing by GroupsController#index as HTML
  [1m[36mUser Load (0.6ms)[0m  [1m[34mSELECT "users".* FROM "users" WHERE "users"."id" = $1 ORDER BY "users"."id" ASC LIMIT $2[0m  [["id", 1], ["LIMIT", 1]]
  ↳ app/controllers/groups_controller.rb:6:in `index'
  Rendering layout layouts/application.html.erb
  Rendering groups/index.html.erb within layouts/application
  [1m[36mGroup Load (0.5ms)[0m  [1m[34mSELECT "groups".* FROM "groups" WHERE "groups"."user_id" = $1[0m  [["user_id", 1]]
  ↳ app/views/groups/index.html.erb:11
  Rendered groups/index.html.erb within layouts/application (Duration: 59.0ms | Allocations: 4039)
  Rendered layout layouts/application.html.erb (Duration: 64.3ms | Allocations: 6433)
Completed 200 OK in 357ms (Views: 65.0ms | ActiveRecord: 2.4ms | Allocations: 20560)


Started GET "/groups/new" for 127.0.0.1 at 2023-01-10 20:49:56 +0300
Processing by GroupsController#new as HTML
  [1m[36mUser Load (0.6ms)[0m  [1m[34mSELECT "users".* FROM "users" WHERE "users"."id" = $1 ORDER BY "users"."id" ASC LIMIT $2[0m  [["id", 1], ["LIMIT", 1]]
  ↳ app/controllers/groups_controller.rb:19:in `new'
  Rendering layout layouts/application.html.erb
  Rendering groups/new.html.erb within layouts/application
  Rendered groups/_form.html.erb (Duration: 106.8ms | Allocations: 6746)
  Rendered groups/new.html.erb within layouts/application (Duration: 110.5ms | Allocations: 7033)
  Rendered layout layouts/application.html.erb (Duration: 114.6ms | Allocations: 9325)
Completed 200 OK in 137ms (Views: 115.9ms | ActiveRecord: 4.2ms | Allocations: 13486)


Started POST "/groups" for 127.0.0.1 at 2023-01-10 20:50:08 +0300
Processing by GroupsController#create as TURBO_STREAM
  Parameters: {"authenticity_token"=>"[FILTERED]", "group"=>{"name"=>"", "icon"=>#<ActionDispatch::Http::UploadedFile:0x00007f7a901b5230 @tempfile=#<Tempfile:/tmp/RackMultipart20230110-9767-kt32e5.png>, @original_filename="Screenshot from 2022-10-26 12-09-20.png", @content_type="image/png", @headers="Content-Disposition: form-data; name=\"group[icon]\"; filename=\"Screenshot from 2022-10-26 12-09-20.png\"\r\nContent-Type: image/png\r\n">}, "commit"=>"submit"}
  [1m[36mUser Load (2.2ms)[0m  [1m[34mSELECT "users".* FROM "users" WHERE "users"."id" = $1 ORDER BY "users"."id" ASC LIMIT $2[0m  [["id", 1], ["LIMIT", 1]]
  ↳ app/controllers/groups_controller.rb:28:in `create'
  [1m[36mTRANSACTION (0.2ms)[0m  [1m[35mBEGIN[0m
  ↳ app/controllers/groups_controller.rb:31:in `block in create'
  [1m[36mTRANSACTION (0.3ms)[0m  [1m[31mROLLBACK[0m
  ↳ app/controllers/groups_controller.rb:31:in `block in create'
  Rendering layout layouts/application.html.erb
  Rendering groups/new.html.erb within layouts/application
  Rendered groups/_form.html.erb (Duration: 3.4ms | Allocations: 1671)
  Rendered groups/new.html.erb within layouts/application (Duration: 3.8ms | Allocations: 1750)
  Rendered layout layouts/application.html.erb (Duration: 7.8ms | Allocations: 4080)
Completed 422 Unprocessable Entity in 217ms (Views: 8.8ms | ActiveRecord: 12.2ms | Allocations: 37626)


Started POST "/groups" for 127.0.0.1 at 2023-01-10 20:50:21 +0300
Processing by GroupsController#create as TURBO_STREAM
  Parameters: {"authenticity_token"=>"[FILTERED]", "group"=>{"name"=>"wfgb", "icon"=>#<ActionDispatch::Http::UploadedFile:0x00007f7a94732858 @tempfile=#<Tempfile:/tmp/RackMultipart20230110-9767-yx8qox.png>, @original_filename="Screenshot from 2022-10-26 12-09-20.png", @content_type="image/png", @headers="Content-Disposition: form-data; name=\"group[icon]\"; filename=\"Screenshot from 2022-10-26 12-09-20.png\"\r\nContent-Type: image/png\r\n">}, "commit"=>"submit"}
  [1m[36mUser Load (0.6ms)[0m  [1m[34mSELECT "users".* FROM "users" WHERE "users"."id" = $1 ORDER BY "users"."id" ASC LIMIT $2[0m  [["id", 1], ["LIMIT", 1]]
  ↳ app/controllers/groups_controller.rb:28:in `create'
  [1m[36mTRANSACTION (0.2ms)[0m  [1m[35mBEGIN[0m
  ↳ app/controllers/groups_controller.rb:31:in `block in create'
  [1m[36mGroup Create (2.7ms)[0m  [1m[32mINSERT INTO "groups" ("name", "icon", "created_at", "updated_at", "user_id") VALUES ($1, $2, $3, $4, $5) RETURNING "id"[0m  [["name", "wfgb"], ["icon", nil], ["created_at", "2023-01-10 17:50:21.360215"], ["updated_at", "2023-01-10 17:50:21.360215"], ["user_id", 1]]
  ↳ app/controllers/groups_controller.rb:31:in `block in create'
  [1m[36mActiveStorage::Attachment Load (0.8ms)[0m  [1m[34mSELECT "active_storage_attachments".* FROM "active_storage_attachments" WHERE "active_storage_attachments"."record_id" = $1 AND "active_storage_attachments"."record_type" = $2 AND "active_storage_attachments"."name" = $3 LIMIT $4[0m  [["record_id", 1], ["record_type", "Group"], ["name", "icon"], ["LIMIT", 1]]
  ↳ app/controllers/groups_controller.rb:31:in `block in create'
  [1m[36mActiveStorage::Blob Create (1.7ms)[0m  [1m[32mINSERT INTO "active_storage_blobs" ("key", "filename", "content_type", "metadata", "service_name", "byte_size", "checksum", "created_at") VALUES ($1, $2, $3, $4, $5, $6, $7, $8) RETURNING "id"[0m  [["key", "6131zkdrns0vm1cyy363k3demlq4"], ["filename", "Screenshot from 2022-10-26 12-09-20.png"], ["content_type", "image/png"], ["metadata", "{\"identified\":true}"], ["service_name", "local"], ["byte_size", 215255], ["checksum", "YeMGLkOSTXh4tQhXS5Qi+A=="], ["created_at", "2023-01-10 17:50:21.378406"]]
  ↳ app/controllers/groups_controller.rb:31:in `block in create'
  [1m[36mActiveStorage::Attachment Create (1.1ms)[0m  [1m[32mINSERT INTO "active_storage_attachments" ("name", "record_type", "record_id", "blob_id", "created_at") VALUES ($1, $2, $3, $4, $5) RETURNING "id"[0m  [["name", "icon"], ["record_type", "Group"], ["record_id", 1], ["blob_id", 1], ["created_at", "2023-01-10 17:50:21.384132"]]
  ↳ app/controllers/groups_controller.rb:31:in `block in create'
  [1m[36mGroup Update (0.6ms)[0m  [1m[33mUPDATE "groups" SET "updated_at" = $1 WHERE "groups"."id" = $2[0m  [["updated_at", "2023-01-10 17:50:21.388269"], ["id", 1]]
  ↳ app/controllers/groups_controller.rb:31:in `block in create'
  [1m[36mTRANSACTION (42.3ms)[0m  [1m[35mCOMMIT[0m
  ↳ app/controllers/groups_controller.rb:31:in `block in create'
[36m  Disk Storage (1.8ms) [0m[32mUploaded file to key: 6131zkdrns0vm1cyy363k3demlq4 (checksum: YeMGLkOSTXh4tQhXS5Qi+A==)[0m
[ActiveJob] Enqueued ActiveStorage::AnalyzeJob (Job ID: e61cffa7-fe39-4be4-8f6d-ce8314c489d5) to Async(default) with arguments: #<GlobalID:0x00007f7a9485c5d0 @uri=#<URI::GID gid://budget-app/ActiveStorage::Blob/1>>
Redirected to http://localhost:3000/groups/1
Completed 302 Found in 160ms (ActiveRecord: 49.9ms | Allocations: 10573)


Started GET "/groups/1" for 127.0.0.1 at 2023-01-10 20:50:21 +0300
Processing by GroupsController#show as TURBO_STREAM
  Parameters: {"id"=>"1"}
  [1m[36mGroup Load (2.6ms)[0m  [1m[34mSELECT "groups".* FROM "groups" WHERE "groups"."id" = $1 LIMIT $2[0m  [["id", 1], ["LIMIT", 1]]
  ↳ app/controllers/groups_controller.rb:68:in `set_group'
  [1m[36mUser Load (0.4ms)[0m  [1m[34mSELECT "users".* FROM "users" WHERE "users"."id" = $1 ORDER BY "users"."id" ASC LIMIT $2[0m  [["id", 1], ["LIMIT", 1]]
  ↳ app/controllers/groups_controller.rb:12:in `show'
  Rendering layout layouts/application.html.erb
  Rendering groups/show.html.erb within layouts/application
  [1m[36mActiveStorage::Attachment Load (1.1ms)[0m  [1m[34mSELECT "active_storage_attachments".* FROM "active_storage_attachments" WHERE "active_storage_attachments"."record_id" = $1 AND "active_storage_attachments"."record_type" = $2 AND "active_storage_attachments"."name" = $3 LIMIT $4[0m  [["record_id", 1], ["record_type", "Group"], ["name", "icon"], ["LIMIT", 1]]
  ↳ app/views/groups/show.html.erb:10
  [1m[36mActiveStorage::Blob Load (2.1ms)[0m  [1m[34mSELECT "active_storage_blobs".* FROM "active_storage_blobs" WHERE "active_storage_blobs"."id" = $1 LIMIT $2[0m  [["id", 1], ["LIMIT", 1]]
  ↳ app/views/groups/show.html.erb:11
[ActiveJob] [ActiveStorage::AnalyzeJob] [e61cffa7-fe39-4be4-8f6d-ce8314c489d5]   [1m[36mActiveStorage::Blob Load (0.7ms)[0m  [1m[34mSELECT "active_storage_blobs".* FROM "active_storage_blobs" WHERE "active_storage_blobs"."id" = $1 LIMIT $2[0m  [["id", 1], ["LIMIT", 1]]
[ActiveJob] [ActiveStorage::AnalyzeJob] [e61cffa7-fe39-4be4-8f6d-ce8314c489d5] Performing ActiveStorage::AnalyzeJob (Job ID: e61cffa7-fe39-4be4-8f6d-ce8314c489d5) from Async(default) enqueued at 2023-01-10T17:50:21Z with arguments: #<GlobalID:0x00007f7a680a00c0 @uri=#<URI::GID gid://budget-app/ActiveStorage::Blob/1>>
[ActiveJob] [ActiveStorage::AnalyzeJob] [e61cffa7-fe39-4be4-8f6d-ce8314c489d5] [36m  Disk Storage (0.7ms) [0m[34mDownloaded file from key: 6131zkdrns0vm1cyy363k3demlq4[0m
[ActiveJob] [ActiveStorage::AnalyzeJob] [e61cffa7-fe39-4be4-8f6d-ce8314c489d5] Skipping image analysis because the ruby-vips gem isn't installed
  Rendered groups/_group.html.erb (Duration: 14.3ms | Allocations: 2208)
[ActiveJob] [ActiveStorage::AnalyzeJob] [e61cffa7-fe39-4be4-8f6d-ce8314c489d5]   [1m[36mTRANSACTION (1.8ms)[0m  [1m[35mBEGIN[0m
[ActiveJob] [ActiveStorage::AnalyzeJob] [e61cffa7-fe39-4be4-8f6d-ce8314c489d5]   [1m[36mActiveStorage::Blob Update (0.6ms)[0m  [1m[33mUPDATE "active_storage_blobs" SET "metadata" = $1 WHERE "active_storage_blobs"."id" = $2[0m  [["metadata", "{\"identified\":true,\"analyzed\":true}"], ["id", 1]]
  [1m[36mTransaction Load (0.4ms)[0m  [1m[34mSELECT "transactions".* FROM "transactions" WHERE "transactions"."group_id" = $1[0m  [["group_id", 1]]
  ↳ app/views/groups/show.html.erb:17
[ActiveJob] [ActiveStorage::AnalyzeJob] [e61cffa7-fe39-4be4-8f6d-ce8314c489d5]   [1m[36mTRANSACTION (19.8ms)[0m  [1m[35mCOMMIT[0m
[ActiveJob] [ActiveStorage::AnalyzeJob] [e61cffa7-fe39-4be4-8f6d-ce8314c489d5] Performed ActiveStorage::AnalyzeJob (Job ID: e61cffa7-fe39-4be4-8f6d-ce8314c489d5) from Async(default) in 89.46ms
  [1m[36mEntity Load (0.8ms)[0m  [1m[34mSELECT "entities".* FROM "entities" INNER JOIN "transactions" ON "entities"."id" = "transactions"."entity_id" WHERE "transactions"."group_id" = $1[0m  [["group_id", 1]]
  ↳ app/views/groups/show.html.erb:29
  Rendered groups/show.html.erb within layouts/application (Duration: 102.5ms | Allocations: 26287)
  Rendered layout layouts/application.html.erb (Duration: 109.4ms | Allocations: 28700)
Completed 200 OK in 140ms (Views: 100.0ms | ActiveRecord: 14.2ms | Allocations: 34051)


Started GET "/rails/active_storage/blobs/redirect/eyJfcmFpbHMiOnsibWVzc2FnZSI6IkJBaHBCZz09IiwiZXhwIjpudWxsLCJwdXIiOiJibG9iX2lkIn19--9abea761151a81f20405a38c3eecaf0f0814e497/Screenshot%20from%202022-10-26%2012-09-20.png%3E%3Cdiv%20id=" for 127.0.0.1 at 2023-01-10 20:50:21 +0300
Processing by ActiveStorage::Blobs::RedirectController#show as */*
  Parameters: {"signed_id"=>"eyJfcmFpbHMiOnsibWVzc2FnZSI6IkJBaHBCZz09IiwiZXhwIjpudWxsLCJwdXIiOiJibG9iX2lkIn19--9abea761151a81f20405a38c3eecaf0f0814e497", "filename"=>"Screenshot from 2022-10-26 12-09-20"}
  [1m[36mActiveStorage::Blob Load (0.6ms)[0m  [1m[34mSELECT "active_storage_blobs".* FROM "active_storage_blobs" WHERE "active_storage_blobs"."id" = $1 LIMIT $2[0m  [["id", 1], ["LIMIT", 1]]
[36m  Disk Storage (1.6ms) [0m[34mGenerated URL for file at key: 6131zkdrns0vm1cyy363k3demlq4 (http://localhost:3000/rails/active_storage/disk/eyJfcmFpbHMiOnsibWVzc2FnZSI6IkJBaDdDVG9JYTJWNVNTSWhOakV6TVhwclpISnVjekIyYlRGamVYa3pOak5yTTJSbGJXeHhOQVk2QmtWVU9oQmthWE53YjNOcGRHbHZia2tpZjJsdWJHbHVaVHNnWm1sc1pXNWhiV1U5SWxOamNtVmxibk5vYjNRZ1puSnZiU0F5TURJeUxURXdMVEkySURFeUxUQTVMVEl3TG5CdVp5STdJR1pwYkdWdVlXMWxLajFWVkVZdE9DY25VMk55WldWdWMyaHZkQ1V5TUdaeWIyMGxNakF5TURJeUxURXdMVEkySlRJd01USXRNRGt0TWpBdWNHNW5CanNHVkRvUlkyOXVkR1Z1ZEY5MGVYQmxTU0lPYVcxaFoyVXZjRzVuQmpzR1ZEb1JjMlZ5ZG1salpWOXVZVzFsT2dwc2IyTmhiQT09IiwiZXhwIjoiMjAyMy0wMS0xMFQxNzo1NToyMS44MzJaIiwicHVyIjoiYmxvYl9rZXkifX0=--8f405ad169d6b4103c93754abeddbdc984242734/Screenshot%20from%202022-10-26%2012-09-20.png)[0m
Redirected to http://localhost:3000/rails/active_storage/disk/eyJfcmFpbHMiOnsibWVzc2FnZSI6IkJBaDdDVG9JYTJWNVNTSWhOakV6TVhwclpISnVjekIyYlRGamVYa3pOak5yTTJSbGJXeHhOQVk2QmtWVU9oQmthWE53YjNOcGRHbHZia2tpZjJsdWJHbHVaVHNnWm1sc1pXNWhiV1U5SWxOamNtVmxibk5vYjNRZ1puSnZiU0F5TURJeUxURXdMVEkySURFeUxUQTVMVEl3TG5CdVp5STdJR1pwYkdWdVlXMWxLajFWVkVZdE9DY25VMk55WldWdWMyaHZkQ1V5TUdaeWIyMGxNakF5TURJeUxURXdMVEkySlRJd01USXRNRGt0TWpBdWNHNW5CanNHVkRvUlkyOXVkR1Z1ZEY5MGVYQmxTU0lPYVcxaFoyVXZjRzVuQmpzR1ZEb1JjMlZ5ZG1salpWOXVZVzFsT2dwc2IyTmhiQT09IiwiZXhwIjoiMjAyMy0wMS0xMFQxNzo1NToyMS44MzJaIiwicHVyIjoiYmxvYl9rZXkifX0=--8f405ad169d6b4103c93754abeddbdc984242734/Screenshot%20from%202022-10-26%2012-09-20.png
Completed 302 Found in 11ms (ActiveRecord: 0.6ms | Allocations: 3227)


Started GET "/rails/active_storage/disk/eyJfcmFpbHMiOnsibWVzc2FnZSI6IkJBaDdDVG9JYTJWNVNTSWhOakV6TVhwclpISnVjekIyYlRGamVYa3pOak5yTTJSbGJXeHhOQVk2QmtWVU9oQmthWE53YjNOcGRHbHZia2tpZjJsdWJHbHVaVHNnWm1sc1pXNWhiV1U5SWxOamNtVmxibk5vYjNRZ1puSnZiU0F5TURJeUxURXdMVEkySURFeUxUQTVMVEl3TG5CdVp5STdJR1pwYkdWdVlXMWxLajFWVkVZdE9DY25VMk55WldWdWMyaHZkQ1V5TUdaeWIyMGxNakF5TURJeUxURXdMVEkySlRJd01USXRNRGt0TWpBdWNHNW5CanNHVkRvUlkyOXVkR1Z1ZEY5MGVYQmxTU0lPYVcxaFoyVXZjRzVuQmpzR1ZEb1JjMlZ5ZG1salpWOXVZVzFsT2dwc2IyTmhiQT09IiwiZXhwIjoiMjAyMy0wMS0xMFQxNzo1NToyMS44MzJaIiwicHVyIjoiYmxvYl9rZXkifX0=--8f405ad169d6b4103c93754abeddbdc984242734/Screenshot%20from%202022-10-26%2012-09-20.png" for 127.0.0.1 at 2023-01-10 20:50:21 +0300
Processing by ActiveStorage::DiskController#show as PNG
  Parameters: {"encoded_key"=>"[FILTERED]", "filename"=>"Screenshot from 2022-10-26 12-09-20"}
Completed 200 OK in 1ms (ActiveRecord: 0.0ms | Allocations: 329)


Started GET "/groups/1/entities/new" for 127.0.0.1 at 2023-01-10 20:55:16 +0300
Processing by EntitiesController#new as HTML
  Parameters: {"group_id"=>"1"}
  [1m[36mUser Load (0.5ms)[0m  [1m[34mSELECT "users".* FROM "users" WHERE "users"."id" = $1 ORDER BY "users"."id" ASC LIMIT $2[0m  [["id", 1], ["LIMIT", 1]]
  ↳ app/controllers/entities_controller.rb:24:in `new'
  Rendering layout layouts/application.html.erb
  Rendering entities/new.html.erb within layouts/application
  Rendered entities/_form.html.erb (Duration: 3.6ms | Allocations: 857)
  Rendered entities/new.html.erb within layouts/application (Duration: 7.6ms | Allocations: 1494)
  Rendered layout layouts/application.html.erb (Duration: 14.9ms | Allocations: 3866)
Completed 200 OK in 34ms (Views: 18.4ms | ActiveRecord: 0.5ms | Allocations: 8516)


Started POST "/groups/1/entities" for 127.0.0.1 at 2023-01-10 20:55:25 +0300
Processing by EntitiesController#create as TURBO_STREAM
  Parameters: {"authenticity_token"=>"[FILTERED]", "transaction"=>{"name"=>"new", "amount"=>"100"}, "commit"=>"submit", "group_id"=>"1"}
  [1m[36mUser Load (0.4ms)[0m  [1m[34mSELECT "users".* FROM "users" WHERE "users"."id" = $1 ORDER BY "users"."id" ASC LIMIT $2[0m  [["id", 1], ["LIMIT", 1]]
  ↳ app/controllers/entities_controller.rb:33:in `create'
  [1m[36mGroup Load (0.5ms)[0m  [1m[34mSELECT "groups".* FROM "groups" WHERE "groups"."id" = $1 LIMIT $2[0m  [["id", 1], ["LIMIT", 1]]
  ↳ app/controllers/entities_controller.rb:35:in `create'
  [1m[36mTRANSACTION (0.2ms)[0m  [1m[35mBEGIN[0m
  ↳ app/controllers/entities_controller.rb:38:in `block in create'
  [1m[36mEntity Create (1.5ms)[0m  [1m[32mINSERT INTO "entities" ("name", "amount", "created_at", "updated_at", "user_id") VALUES ($1, $2, $3, $4, $5) RETURNING "id"[0m  [["name", "new"], ["amount", "100"], ["created_at", "2023-01-10 17:55:26.024830"], ["updated_at", "2023-01-10 17:55:26.024830"], ["user_id", 1]]
  ↳ app/controllers/entities_controller.rb:38:in `block in create'
  [1m[36mTRANSACTION (79.3ms)[0m  [1m[35mCOMMIT[0m
  ↳ app/controllers/entities_controller.rb:38:in `block in create'
  [1m[36mTRANSACTION (0.4ms)[0m  [1m[35mBEGIN[0m
  ↳ app/controllers/entities_controller.rb:39:in `block in create'
  [1m[36mEntity Load (0.6ms)[0m  [1m[34mSELECT "entities".* FROM "entities" WHERE "entities"."id" = $1 LIMIT $2[0m  [["id", 1], ["LIMIT", 1]]
  ↳ app/controllers/entities_controller.rb:39:in `block in create'
  [1m[36mTransaction Create (1.5ms)[0m  [1m[32mINSERT INTO "transactions" ("created_at", "updated_at", "group_id", "entity_id") VALUES ($1, $2, $3, $4) RETURNING "id"[0m  [["created_at", "2023-01-10 17:55:26.139298"], ["updated_at", "2023-01-10 17:55:26.139298"], ["group_id", 1], ["entity_id", 1]]
  ↳ app/controllers/entities_controller.rb:39:in `block in create'
  [1m[36mTRANSACTION (56.1ms)[0m  [1m[35mCOMMIT[0m
  ↳ app/controllers/entities_controller.rb:39:in `block in create'
Redirected to http://localhost:3000/groups/1
Completed 302 Found in 199ms (ActiveRecord: 143.7ms | Allocations: 11968)


Started GET "/groups/1" for 127.0.0.1 at 2023-01-10 20:55:26 +0300
Processing by GroupsController#show as TURBO_STREAM
  Parameters: {"id"=>"1"}
  [1m[36mGroup Load (0.3ms)[0m  [1m[34mSELECT "groups".* FROM "groups" WHERE "groups"."id" = $1 LIMIT $2[0m  [["id", 1], ["LIMIT", 1]]
  ↳ app/controllers/groups_controller.rb:68:in `set_group'
  [1m[36mUser Load (0.3ms)[0m  [1m[34mSELECT "users".* FROM "users" WHERE "users"."id" = $1 ORDER BY "users"."id" ASC LIMIT $2[0m  [["id", 1], ["LIMIT", 1]]
  ↳ app/controllers/groups_controller.rb:12:in `show'
  Rendering layout layouts/application.html.erb
  Rendering groups/show.html.erb within layouts/application
  [1m[36mActiveStorage::Attachment Load (0.3ms)[0m  [1m[34mSELECT "active_storage_attachments".* FROM "active_storage_attachments" WHERE "active_storage_attachments"."record_id" = $1 AND "active_storage_attachments"."record_type" = $2 AND "active_storage_attachments"."name" = $3 LIMIT $4[0m  [["record_id", 1], ["record_type", "Group"], ["name", "icon"], ["LIMIT", 1]]
  ↳ app/views/groups/show.html.erb:10
  [1m[36mActiveStorage::Blob Load (0.3ms)[0m  [1m[34mSELECT "active_storage_blobs".* FROM "active_storage_blobs" WHERE "active_storage_blobs"."id" = $1 LIMIT $2[0m  [["id", 1], ["LIMIT", 1]]
  ↳ app/views/groups/show.html.erb:11
  Rendered groups/_group.html.erb (Duration: 0.2ms | Allocations: 32)
  [1m[36mTransaction Load (0.5ms)[0m  [1m[34mSELECT "transactions".* FROM "transactions" WHERE "transactions"."group_id" = $1[0m  [["group_id", 1]]
  ↳ app/views/groups/show.html.erb:17
  [1m[36mEntity Load (0.3ms)[0m  [1m[34mSELECT "entities".* FROM "entities" WHERE "entities"."id" = $1[0m  [["id", 1]]
  ↳ app/views/groups/show.html.erb:17
  [1m[36mEntity Load (0.5ms)[0m  [1m[34mSELECT "entities".* FROM "entities" INNER JOIN "transactions" ON "entities"."id" = "transactions"."entity_id" WHERE "transactions"."group_id" = $1[0m  [["group_id", 1]]
  ↳ app/views/groups/show.html.erb:29
  Rendered groups/show.html.erb within layouts/application (Duration: 44.1ms | Allocations: 7090)
  Rendered layout layouts/application.html.erb (Duration: 48.8ms | Allocations: 9451)
Completed 200 OK in 58ms (Views: 47.7ms | ActiveRecord: 2.7ms | Allocations: 11206)


Started GET "/" for 127.0.0.1 at 2023-01-11 16:19:32 +0300
  [1m[36mActiveRecord::SchemaMigration Pluck (0.6ms)[0m  [1m[34mSELECT "schema_migrations"."version" FROM "schema_migrations" ORDER BY "schema_migrations"."version" ASC[0m
  [1m[36mCACHE ActiveRecord::SchemaMigration Pluck (0.0ms)[0m  [1m[34mSELECT "schema_migrations"."version" FROM "schema_migrations" ORDER BY "schema_migrations"."version" ASC[0m
  
ActiveRecord::PendingMigrationError (

Migrations are pending. To resolve this issue, run:

        bin/rails db:migrate RAILS_ENV=development

You have 7 pending migrations:

20220627184833_create_users.rb
20220627185211_add_devise_to_users.rb
20220627185525_create_groups.rb
20220627185601_create_entities.rb
20220627185655_add_user_ref_to_entities.rb
20220627185708_rename_user_id_to_author_id.rb
20220627185716_add_user_ref_to_groups.rb


):
  
activerecord (7.0.3) lib/active_record/migration.rb:627:in `check_pending!'
activerecord (7.0.3) lib/active_record/migration.rb:592:in `block (2 levels) in call'
activesupport (7.0.3) lib/active_support/file_update_checker.rb:83:in `execute'
activerecord (7.0.3) lib/active_record/migration.rb:597:in `block in call'
activerecord (7.0.3) lib/active_record/migration.rb:589:in `synchronize'
activerecord (7.0.3) lib/active_record/migration.rb:589:in `call'
actionpack (7.0.3) lib/action_dispatch/middleware/callbacks.rb:27:in `block in call'
activesupport (7.0.3) lib/active_support/callbacks.rb:99:in `run_callbacks'
actionpack (7.0.3) lib/action_dispatch/middleware/callbacks.rb:26:in `call'
actionpack (7.0.3) lib/action_dispatch/middleware/executor.rb:14:in `call'
actionpack (7.0.3) lib/action_dispatch/middleware/actionable_exceptions.rb:17:in `call'
actionpack (7.0.3) lib/action_dispatch/middleware/debug_exceptions.rb:28:in `call'
web-console (4.2.0) lib/web_console/middleware.rb:132:in `call_app'
web-console (4.2.0) lib/web_console/middleware.rb:28:in `block in call'
web-console (4.2.0) lib/web_console/middleware.rb:17:in `catch'
web-console (4.2.0) lib/web_console/middleware.rb:17:in `call'
actionpack (7.0.3) lib/action_dispatch/middleware/show_exceptions.rb:26:in `call'
railties (7.0.3) lib/rails/rack/logger.rb:40:in `call_app'
railties (7.0.3) lib/rails/rack/logger.rb:25:in `block in call'
activesupport (7.0.3) lib/active_support/tagged_logging.rb:114:in `block in tagged'
activesupport (7.0.3) lib/active_support/tagged_logging.rb:38:in `tagged'
activesupport (7.0.3) lib/active_support/tagged_logging.rb:114:in `tagged'
railties (7.0.3) lib/rails/rack/logger.rb:25:in `call'
sprockets-rails (3.4.2) lib/sprockets/rails/quiet_assets.rb:13:in `call'
actionpack (7.0.3) lib/action_dispatch/middleware/remote_ip.rb:93:in `call'
actionpack (7.0.3) lib/action_dispatch/middleware/request_id.rb:26:in `call'
rack (2.2.3.1) lib/rack/method_override.rb:24:in `call'
rack (2.2.3.1) lib/rack/runtime.rb:22:in `call'
activesupport (7.0.3) lib/active_support/cache/strategy/local_cache_middleware.rb:29:in `call'
actionpack (7.0.3) lib/action_dispatch/middleware/server_timing.rb:20:in `call'
actionpack (7.0.3) lib/action_dispatch/middleware/executor.rb:14:in `call'
actionpack (7.0.3) lib/action_dispatch/middleware/static.rb:23:in `call'
rack (2.2.3.1) lib/rack/sendfile.rb:110:in `call'
actionpack (7.0.3) lib/action_dispatch/middleware/host_authorization.rb:137:in `call'
railties (7.0.3) lib/rails/engine.rb:530:in `call'
puma (5.6.4) lib/puma/configuration.rb:252:in `call'
puma (5.6.4) lib/puma/request.rb:77:in `block in handle_request'
puma (5.6.4) lib/puma/thread_pool.rb:340:in `with_force_shutdown'
puma (5.6.4) lib/puma/request.rb:76:in `handle_request'
puma (5.6.4) lib/puma/server.rb:441:in `process_client'
puma (5.6.4) lib/puma/thread_pool.rb:147:in `block in spawn_thread'
  [1m[35m (2595.4ms)[0m  [1m[35mCREATE DATABASE "budget_app_development" ENCODING = 'unicode'[0m
  [1m[35m (1211.6ms)[0m  [1m[35mCREATE DATABASE "budget_app_test" ENCODING = 'unicode'[0m
  [1m[35m (187.9ms)[0m  [1m[35mCREATE TABLE "schema_migrations" ("version" character varying NOT NULL PRIMARY KEY)[0m
  [1m[35m (130.5ms)[0m  [1m[35mCREATE TABLE "ar_internal_metadata" ("key" character varying NOT NULL PRIMARY KEY, "value" character varying, "created_at" timestamp(6) NOT NULL, "updated_at" timestamp(6) NOT NULL)[0m
  [1m[35m (0.1ms)[0m  [1m[34mSELECT pg_try_advisory_lock(2127889314188895495)[0m
  [1m[36mActiveRecord::SchemaMigration Pluck (0.4ms)[0m  [1m[34mSELECT "schema_migrations"."version" FROM "schema_migrations" ORDER BY "schema_migrations"."version" ASC[0m
Migrating to CreateUsers (20220627184833)
  [1m[36mTRANSACTION (0.4ms)[0m  [1m[35mBEGIN[0m
  [1m[35m (143.7ms)[0m  [1m[35mCREATE TABLE "users" ("id" bigserial primary key, "name" character varying, "created_at" timestamp(6) NOT NULL, "updated_at" timestamp(6) NOT NULL)[0m
  [1m[36mActiveRecord::SchemaMigration Create (0.7ms)[0m  [1m[32mINSERT INTO "schema_migrations" ("version") VALUES ($1) RETURNING "version"[0m  [["version", "20220627184833"]]
  [1m[36mTRANSACTION (21.9ms)[0m  [1m[35mCOMMIT[0m
Migrating to AddDeviseToUsers (20220627185211)
  [1m[36mTRANSACTION (0.3ms)[0m  [1m[35mBEGIN[0m
  [1m[35m (0.4ms)[0m  [1m[35mALTER TABLE "users" ADD "email" character varying DEFAULT '' NOT NULL[0m
  [1m[35m (0.3ms)[0m  [1m[35mALTER TABLE "users" ADD "encrypted_password" character varying DEFAULT '' NOT NULL[0m
  [1m[35m (0.3ms)[0m  [1m[35mALTER TABLE "users" ADD "reset_password_token" character varying[0m
  [1m[35m (0.3ms)[0m  [1m[35mALTER TABLE "users" ADD "reset_password_sent_at" timestamp(6)[0m
  [1m[35m (0.3ms)[0m  [1m[35mALTER TABLE "users" ADD "remember_created_at" timestamp(6)[0m
  [1m[35m (69.6ms)[0m  [1m[35mCREATE UNIQUE INDEX "index_users_on_email" ON "users" ("email")[0m
  [1m[35m (54.3ms)[0m  [1m[35mCREATE UNIQUE INDEX "index_users_on_reset_password_token" ON "users" ("reset_password_token")[0m
  [1m[36mActiveRecord::SchemaMigration Create (0.4ms)[0m  [1m[32mINSERT INTO "schema_migrations" ("version") VALUES ($1) RETURNING "version"[0m  [["version", "20220627185211"]]
  [1m[36mTRANSACTION (15.2ms)[0m  [1m[35mCOMMIT[0m
Migrating to CreateGroups (20220627185525)
  [1m[36mTRANSACTION (0.2ms)[0m  [1m[35mBEGIN[0m
  [1m[35m (158.5ms)[0m  [1m[35mCREATE TABLE "groups" ("id" bigserial primary key, "name" character varying, "icon" character varying, "created_at" timestamp(6) NOT NULL, "updated_at" timestamp(6) NOT NULL)[0m
  [1m[36mActiveRecord::SchemaMigration Create (0.4ms)[0m  [1m[32mINSERT INTO "schema_migrations" ("version") VALUES ($1) RETURNING "version"[0m  [["version", "20220627185525"]]
  [1m[36mTRANSACTION (13.3ms)[0m  [1m[35mCOMMIT[0m
Migrating to CreateEntities (20220627185601)
  [1m[36mTRANSACTION (0.3ms)[0m  [1m[35mBEGIN[0m
  [1m[35m (161.7ms)[0m  [1m[35mCREATE TABLE "entities" ("id" bigserial primary key, "name" character varying, "amount" character varying, "created_at" timestamp(6) NOT NULL, "updated_at" timestamp(6) NOT NULL)[0m
  [1m[36mActiveRecord::SchemaMigration Create (0.4ms)[0m  [1m[32mINSERT INTO "schema_migrations" ("version") VALUES ($1) RETURNING "version"[0m  [["version", "20220627185601"]]
  [1m[36mTRANSACTION (7.8ms)[0m  [1m[35mCOMMIT[0m
Migrating to AddUserRefToEntities (20220627185655)
  [1m[36mTRANSACTION (0.2ms)[0m  [1m[35mBEGIN[0m
  [1m[35m (0.5ms)[0m  [1m[35mALTER TABLE "entities" ADD "user_id" bigint NOT NULL[0m
  [1m[35m (45.0ms)[0m  [1m[35mCREATE INDEX "index_entities_on_user_id" ON "entities" ("user_id")[0m
  [1m[35m (2.4ms)[0m  [1m[35mALTER TABLE "entities" ADD CONSTRAINT "fk_rails_71e168c975"
FOREIGN KEY ("user_id")
  REFERENCES "users" ("id")
[0m
  [1m[36mActiveRecord::SchemaMigration Create (0.4ms)[0m  [1m[32mINSERT INTO "schema_migrations" ("version") VALUES ($1) RETURNING "version"[0m  [["version", "20220627185655"]]
  [1m[36mTRANSACTION (18.6ms)[0m  [1m[35mCOMMIT[0m
Migrating to RenameUserIdToAuthorId (20220627185708)
  [1m[36mTRANSACTION (0.2ms)[0m  [1m[35mBEGIN[0m
  [1m[35m (0.5ms)[0m  [1m[35mALTER TABLE "entities" RENAME COLUMN "user_id" TO "author_id"[0m
  [1m[35m (0.3ms)[0m  [1m[35mALTER INDEX "index_entities_on_user_id" RENAME TO "index_entities_on_author_id"[0m
  [1m[36mActiveRecord::SchemaMigration Create (0.4ms)[0m  [1m[32mINSERT INTO "schema_migrations" ("version") VALUES ($1) RETURNING "version"[0m  [["version", "20220627185708"]]
  [1m[36mTRANSACTION (7.3ms)[0m  [1m[35mCOMMIT[0m
Migrating to AddUserRefToGroups (20220627185716)
  [1m[36mTRANSACTION (0.3ms)[0m  [1m[35mBEGIN[0m
  [1m[35m (0.5ms)[0m  [1m[35mALTER TABLE "groups" ADD "user_id" bigint NOT NULL[0m
  [1m[35m (57.2ms)[0m  [1m[35mCREATE INDEX "index_groups_on_user_id" ON "groups" ("user_id")[0m
  [1m[35m (1.5ms)[0m  [1m[35mALTER TABLE "groups" ADD CONSTRAINT "fk_rails_5e78cd340a"
FOREIGN KEY ("user_id")
  REFERENCES "users" ("id")
[0m
  [1m[36mActiveRecord::SchemaMigration Create (0.4ms)[0m  [1m[32mINSERT INTO "schema_migrations" ("version") VALUES ($1) RETURNING "version"[0m  [["version", "20220627185716"]]
  [1m[36mTRANSACTION (17.5ms)[0m  [1m[35mCOMMIT[0m
  [1m[36mActiveRecord::InternalMetadata Load (0.5ms)[0m  [1m[34mSELECT "ar_internal_metadata".* FROM "ar_internal_metadata" WHERE "ar_internal_metadata"."key" = $1 LIMIT $2[0m  [["key", "environment"], ["LIMIT", 1]]
  [1m[36mTRANSACTION (0.2ms)[0m  [1m[35mBEGIN[0m
  [1m[36mActiveRecord::InternalMetadata Create (18.1ms)[0m  [1m[32mINSERT INTO "ar_internal_metadata" ("key", "value", "created_at", "updated_at") VALUES ($1, $2, $3, $4) RETURNING "key"[0m  [["key", "environment"], ["value", "development"], ["created_at", "2023-01-11 13:23:37.523339"], ["updated_at", "2023-01-11 13:23:37.523339"]]
  [1m[36mTRANSACTION (12.1ms)[0m  [1m[35mCOMMIT[0m
  [1m[35m (0.4ms)[0m  [1m[34mSELECT pg_advisory_unlock(2127889314188895495)[0m
  [1m[36mActiveRecord::SchemaMigration Pluck (1.2ms)[0m  [1m[34mSELECT "schema_migrations"."version" FROM "schema_migrations" ORDER BY "schema_migrations"."version" ASC[0m
Started GET "/" for 127.0.0.1 at 2023-01-11 16:24:06 +0300
  [1m[36mActiveRecord::SchemaMigration Pluck (0.7ms)[0m  [1m[34mSELECT "schema_migrations"."version" FROM "schema_migrations" ORDER BY "schema_migrations"."version" ASC[0m
Processing by UsersController#index as HTML
  Rendering layout layouts/application.html.erb
  Rendering users/index.html.erb within layouts/application
  [1m[36mUser Load (3.4ms)[0m  [1m[34mSELECT "users".* FROM "users"[0m
  ↳ app/views/users/index.html.erb:6
  Rendered users/index.html.erb within layouts/application (Duration: 18.0ms | Allocations: 1881)
  Rendered layout layouts/application.html.erb (Duration: 954.2ms | Allocations: 104912)
Completed 200 OK in 990ms (Views: 956.0ms | ActiveRecord: 3.4ms | Allocations: 111097)


Started GET "/users/sign_in" for 127.0.0.1 at 2023-01-11 16:24:10 +0300
Processing by Devise::SessionsController#new as HTML
  Rendering layout layouts/application.html.erb
  Rendering devise/sessions/new.html.erb within layouts/application
  Rendered devise/shared/_links.html.erb (Duration: 1.6ms | Allocations: 906)
  Rendered devise/sessions/new.html.erb within layouts/application (Duration: 165.3ms | Allocations: 7542)
  Rendered layout layouts/application.html.erb (Duration: 169.6ms | Allocations: 9948)
Completed 200 OK in 223ms (Views: 172.3ms | ActiveRecord: 5.4ms | Allocations: 18231)


Started GET "/users/sign_up" for 127.0.0.1 at 2023-01-11 16:24:13 +0300
Processing by Devise::RegistrationsController#new as HTML
  Rendering layout layouts/application.html.erb
  Rendering devise/registrations/new.html.erb within layouts/application
  Rendered devise/shared/_error_messages.html.erb (Duration: 1.3ms | Allocations: 241)
  Rendered devise/shared/_links.html.erb (Duration: 1.3ms | Allocations: 229)
  Rendered devise/registrations/new.html.erb within layouts/application (Duration: 9.9ms | Allocations: 2438)
  Rendered layout layouts/application.html.erb (Duration: 15.4ms | Allocations: 4855)
Completed 200 OK in 20ms (Views: 18.5ms | ActiveRecord: 0.0ms | Allocations: 6382)


Started GET "/users/sign_in" for 127.0.0.1 at 2023-01-11 16:24:21 +0300
Processing by Devise::SessionsController#new as HTML
  Rendering layout layouts/application.html.erb
  Rendering devise/sessions/new.html.erb within layouts/application
  Rendered devise/shared/_links.html.erb (Duration: 0.5ms | Allocations: 142)
  Rendered devise/sessions/new.html.erb within layouts/application (Duration: 5.3ms | Allocations: 1280)
  Rendered layout layouts/application.html.erb (Duration: 11.0ms | Allocations: 3495)
Completed 200 OK in 18ms (Views: 14.4ms | ActiveRecord: 0.0ms | Allocations: 4282)


  [1m[35m (2181.3ms)[0m  [1m[35mCREATE DATABASE "budget_app_development" ENCODING = 'unicode'[0m
  [1m[35m (884.9ms)[0m  [1m[35mCREATE DATABASE "budget_app_test" ENCODING = 'unicode'[0m
  [1m[35m (128.2ms)[0m  [1m[35mCREATE TABLE "schema_migrations" ("version" character varying NOT NULL PRIMARY KEY)[0m
  [1m[35m (186.3ms)[0m  [1m[35mCREATE TABLE "ar_internal_metadata" ("key" character varying NOT NULL PRIMARY KEY, "value" character varying, "created_at" timestamp(6) NOT NULL, "updated_at" timestamp(6) NOT NULL)[0m
  [1m[35m (0.1ms)[0m  [1m[34mSELECT pg_try_advisory_lock(2127889314188895495)[0m
  [1m[36mActiveRecord::SchemaMigration Pluck (0.6ms)[0m  [1m[34mSELECT "schema_migrations"."version" FROM "schema_migrations" ORDER BY "schema_migrations"."version" ASC[0m
Migrating to CreateUsers (20230111154833)
  [1m[36mTRANSACTION (0.5ms)[0m  [1m[35mBEGIN[0m
  [1m[35m (104.5ms)[0m  [1m[35mCREATE TABLE "users" ("id" bigserial primary key, "name" character varying, "created_at" timestamp(6) NOT NULL, "updated_at" timestamp(6) NOT NULL)[0m
  [1m[36mActiveRecord::SchemaMigration Create (0.5ms)[0m  [1m[32mINSERT INTO "schema_migrations" ("version") VALUES ($1) RETURNING "version"[0m  [["version", "20230111154833"]]
  [1m[36mTRANSACTION (19.1ms)[0m  [1m[35mCOMMIT[0m
Migrating to AddDeviseToUsers (20230111155211)
  [1m[36mTRANSACTION (0.2ms)[0m  [1m[35mBEGIN[0m
  [1m[35m (0.4ms)[0m  [1m[35mALTER TABLE "users" ADD "email" character varying DEFAULT '' NOT NULL[0m
  [1m[35m (0.5ms)[0m  [1m[35mALTER TABLE "users" ADD "encrypted_password" character varying DEFAULT '' NOT NULL[0m
  [1m[35m (0.4ms)[0m  [1m[35mALTER TABLE "users" ADD "reset_password_token" character varying[0m
  [1m[35m (0.5ms)[0m  [1m[35mALTER TABLE "users" ADD "reset_password_sent_at" timestamp(6)[0m
  [1m[35m (0.4ms)[0m  [1m[35mALTER TABLE "users" ADD "remember_created_at" timestamp(6)[0m
  [1m[35m (58.6ms)[0m  [1m[35mCREATE UNIQUE INDEX "index_users_on_email" ON "users" ("email")[0m
  [1m[35m (43.7ms)[0m  [1m[35mCREATE UNIQUE INDEX "index_users_on_reset_password_token" ON "users" ("reset_password_token")[0m
  [1m[36mActiveRecord::SchemaMigration Create (0.4ms)[0m  [1m[32mINSERT INTO "schema_migrations" ("version") VALUES ($1) RETURNING "version"[0m  [["version", "20230111155211"]]
  [1m[36mTRANSACTION (22.3ms)[0m  [1m[35mCOMMIT[0m
Migrating to CreateGroups (20230111155525)
  [1m[36mTRANSACTION (0.2ms)[0m  [1m[35mBEGIN[0m
  [1m[35m (171.1ms)[0m  [1m[35mCREATE TABLE "groups" ("id" bigserial primary key, "name" character varying, "icon" character varying, "created_at" timestamp(6) NOT NULL, "updated_at" timestamp(6) NOT NULL)[0m
  [1m[36mActiveRecord::SchemaMigration Create (0.8ms)[0m  [1m[32mINSERT INTO "schema_migrations" ("version") VALUES ($1) RETURNING "version"[0m  [["version", "20230111155525"]]
  [1m[36mTRANSACTION (50.4ms)[0m  [1m[35mCOMMIT[0m
Migrating to CreateEntities (20230111155601)
  [1m[36mTRANSACTION (0.2ms)[0m  [1m[35mBEGIN[0m
  [1m[35m (231.1ms)[0m  [1m[35mCREATE TABLE "entities" ("id" bigserial primary key, "name" character varying, "amount" character varying, "created_at" timestamp(6) NOT NULL, "updated_at" timestamp(6) NOT NULL)[0m
  [1m[36mActiveRecord::SchemaMigration Create (0.9ms)[0m  [1m[32mINSERT INTO "schema_migrations" ("version") VALUES ($1) RETURNING "version"[0m  [["version", "20230111155601"]]
  [1m[36mTRANSACTION (56.3ms)[0m  [1m[35mCOMMIT[0m
Migrating to AddUserRefToEntities (20230111155655)
  [1m[36mTRANSACTION (0.3ms)[0m  [1m[35mBEGIN[0m
  [1m[35m (0.5ms)[0m  [1m[35mALTER TABLE "entities" ADD "user_id" bigint NOT NULL[0m
  [1m[35m (95.2ms)[0m  [1m[35mCREATE INDEX "index_entities_on_user_id" ON "entities" ("user_id")[0m
  [1m[35m (2.4ms)[0m  [1m[35mALTER TABLE "entities" ADD CONSTRAINT "fk_rails_71e168c975"
FOREIGN KEY ("user_id")
  REFERENCES "users" ("id")
[0m
  [1m[36mActiveRecord::SchemaMigration Create (0.4ms)[0m  [1m[32mINSERT INTO "schema_migrations" ("version") VALUES ($1) RETURNING "version"[0m  [["version", "20230111155655"]]
  [1m[36mTRANSACTION (23.1ms)[0m  [1m[35mCOMMIT[0m
Migrating to RenameUserIdToAuthorId (20230111155708)
  [1m[36mTRANSACTION (0.2ms)[0m  [1m[35mBEGIN[0m
  [1m[35m (0.4ms)[0m  [1m[35mALTER TABLE "entities" RENAME COLUMN "user_id" TO "author_id"[0m
  [1m[35m (0.3ms)[0m  [1m[35mALTER INDEX "index_entities_on_user_id" RENAME TO "index_entities_on_author_id"[0m
  [1m[36mActiveRecord::SchemaMigration Create (0.3ms)[0m  [1m[32mINSERT INTO "schema_migrations" ("version") VALUES ($1) RETURNING "version"[0m  [["version", "20230111155708"]]
  [1m[36mTRANSACTION (7.7ms)[0m  [1m[35mCOMMIT[0m
Migrating to AddUserRefToGroups (20230111155716)
  [1m[36mTRANSACTION (0.2ms)[0m  [1m[35mBEGIN[0m
  [1m[35m (0.5ms)[0m  [1m[35mALTER TABLE "groups" ADD "user_id" bigint NOT NULL[0m
  [1m[35m (63.5ms)[0m  [1m[35mCREATE INDEX "index_groups_on_user_id" ON "groups" ("user_id")[0m
  [1m[35m (1.2ms)[0m  [1m[35mALTER TABLE "groups" ADD CONSTRAINT "fk_rails_5e78cd340a"
FOREIGN KEY ("user_id")
  REFERENCES "users" ("id")
[0m
  [1m[36mActiveRecord::SchemaMigration Create (0.4ms)[0m  [1m[32mINSERT INTO "schema_migrations" ("version") VALUES ($1) RETURNING "version"[0m  [["version", "20230111155716"]]
  [1m[36mTRANSACTION (23.8ms)[0m  [1m[35mCOMMIT[0m
  [1m[36mActiveRecord::InternalMetadata Load (0.3ms)[0m  [1m[34mSELECT "ar_internal_metadata".* FROM "ar_internal_metadata" WHERE "ar_internal_metadata"."key" = $1 LIMIT $2[0m  [["key", "environment"], ["LIMIT", 1]]
  [1m[36mTRANSACTION (1.0ms)[0m  [1m[35mBEGIN[0m
  [1m[36mActiveRecord::InternalMetadata Create (1.6ms)[0m  [1m[32mINSERT INTO "ar_internal_metadata" ("key", "value", "created_at", "updated_at") VALUES ($1, $2, $3, $4) RETURNING "key"[0m  [["key", "environment"], ["value", "development"], ["created_at", "2023-01-11 13:38:48.285681"], ["updated_at", "2023-01-11 13:38:48.285681"]]
  [1m[36mTRANSACTION (12.0ms)[0m  [1m[35mCOMMIT[0m
  [1m[35m (0.5ms)[0m  [1m[34mSELECT pg_advisory_unlock(2127889314188895495)[0m
  [1m[36mActiveRecord::SchemaMigration Pluck (0.6ms)[0m  [1m[34mSELECT "schema_migrations"."version" FROM "schema_migrations" ORDER BY "schema_migrations"."version" ASC[0m
Started GET "/" for 127.0.0.1 at 2023-01-11 16:39:15 +0300
  [1m[36mActiveRecord::SchemaMigration Pluck (0.8ms)[0m  [1m[34mSELECT "schema_migrations"."version" FROM "schema_migrations" ORDER BY "schema_migrations"."version" ASC[0m
Processing by UsersController#index as HTML
  Rendering layout layouts/application.html.erb
  Rendering users/index.html.erb within layouts/application
  [1m[36mUser Load (0.9ms)[0m  [1m[34mSELECT "users".* FROM "users"[0m
  ↳ app/views/users/index.html.erb:6
  Rendered users/index.html.erb within layouts/application (Duration: 17.1ms | Allocations: 2070)
  Rendered layout layouts/application.html.erb (Duration: 110.1ms | Allocations: 38047)
Completed 200 OK in 133ms (Views: 117.6ms | ActiveRecord: 0.9ms | Allocations: 44233)


Started GET "/users/sign_in" for 127.0.0.1 at 2023-01-11 16:39:17 +0300
Processing by Devise::SessionsController#new as HTML
  [1m[36mUser Load (0.4ms)[0m  [1m[34mSELECT "users".* FROM "users" WHERE "users"."id" = $1 ORDER BY "users"."id" ASC LIMIT $2[0m  [["id", 1], ["LIMIT", 1]]
  Rendering layout layouts/application.html.erb
  Rendering devise/sessions/new.html.erb within layouts/application
  Rendered devise/shared/_links.html.erb (Duration: 3.4ms | Allocations: 906)
  Rendered devise/sessions/new.html.erb within layouts/application (Duration: 21.3ms | Allocations: 7398)
  Rendered layout layouts/application.html.erb (Duration: 27.1ms | Allocations: 9804)
Completed 200 OK in 67ms (Views: 30.1ms | ActiveRecord: 8.3ms | Allocations: 20960)


Started GET "/users/sign_up" for 127.0.0.1 at 2023-01-11 16:39:21 +0300
Processing by Devise::RegistrationsController#new as HTML
  Rendering layout layouts/application.html.erb
  Rendering devise/registrations/new.html.erb within layouts/application
  Rendered devise/shared/_error_messages.html.erb (Duration: 1.1ms | Allocations: 241)
  Rendered devise/shared/_links.html.erb (Duration: 0.9ms | Allocations: 229)
  Rendered devise/registrations/new.html.erb within layouts/application (Duration: 9.5ms | Allocations: 2438)
  Rendered layout layouts/application.html.erb (Duration: 17.1ms | Allocations: 4855)
Completed 200 OK in 23ms (Views: 21.9ms | ActiveRecord: 0.0ms | Allocations: 6374)


  [1m[35m (0.2ms)[0m  [1m[34mSELECT pg_try_advisory_lock(2127889314188895495)[0m
  [1m[36mActiveRecord::SchemaMigration Pluck (0.7ms)[0m  [1m[34mSELECT "schema_migrations"."version" FROM "schema_migrations" ORDER BY "schema_migrations"."version" ASC[0m
  [1m[36mActiveRecord::InternalMetadata Load (0.3ms)[0m  [1m[34mSELECT "ar_internal_metadata".* FROM "ar_internal_metadata" WHERE "ar_internal_metadata"."key" = $1 LIMIT $2[0m  [["key", "environment"], ["LIMIT", 1]]
  [1m[35m (0.3ms)[0m  [1m[34mSELECT pg_advisory_unlock(2127889314188895495)[0m
  [1m[36mActiveRecord::SchemaMigration Pluck (0.8ms)[0m  [1m[34mSELECT "schema_migrations"."version" FROM "schema_migrations" ORDER BY "schema_migrations"."version" ASC[0m
